2022-09-26 15:59:45,985 | 	initial obj:-708.9348806753338. 	inintial plist: [1.28900000e+03 1.14900000e+03 2.07519494e-02 6.33648235e-01
 7.48803883e-01 4.98507012e-01 2.24796646e-01]. initial grad: [ 2.44751528e-01  1.17612735e-01  1.23476812e+01  2.26363418e+02
  6.43159805e+00  8.27496817e+01 -3.06897920e+01]
2022-09-26 15:59:56,527 | 	obj and grad eval took 10.530415587127209s.
2022-09-26 15:59:56,528 | 	Current pt: [1.28900000e+03 1.14900000e+03 2.07519494e-02 6.33648235e-01
 7.48803883e-01 4.98507012e-01 2.24796646e-01]. 	Currentobj: -708.9348806753338. 	Currentgrad: [ 2.44751528e-01  1.17612735e-01  1.23476812e+01  2.26363418e+02
  6.43159805e+00  8.27496817e+01 -3.06897920e+01]
2022-09-26 15:59:56,529 | Objective value at iteration #0 is - -708.9348806753338. Running time: 24s
2022-09-26 15:59:56,529 | gradient: [ 2.44751528e-01  1.17612735e-01  1.23476812e+01  2.26363418e+02
  6.43159805e+00  8.27496817e+01 -3.06897920e+01]
2022-09-26 16:00:07,499 | 	obj and grad eval took 10.96832324564457s.
2022-09-26 16:00:07,500 | 	Current pt: [1.28900075e+03 1.14900087e+03 9.90207529e-01 1.24798309e+00
 1.33839759e+00 4.97691842e-01 7.09442381e-01]. 	Currentobj: -560.9385724952191. 	Currentgrad: [ 2.46079875e-01  1.23981678e-01  1.24507527e+01  2.28844724e+02
  6.75600987e+00  7.52278868e+01 -7.45414773e+00]
2022-09-26 16:00:07,501 | Objective value at iteration #1 is - -560.9385724952191. Running time: 35s
2022-09-26 16:00:07,501 | gradient: [ 2.46079875e-01  1.23981678e-01  1.24507527e+01  2.28844724e+02
  6.75600987e+00  7.52278868e+01 -7.45414773e+00]
2022-09-26 16:00:19,846 | 	obj and grad eval took 12.335939152166247s.
2022-09-26 16:00:19,846 | 	Current pt: [1.28994156e+03 1.15007850e+03 1.62798585e-01 3.78570078e+00
 4.26137098e+00 4.99734608e-01 3.63339426e-01]. 	Currentobj: 36.16406233989324. 	Currentgrad: [ 2.48458674e-01  1.31136113e-01  1.25860959e+01  2.30284149e+02
  7.22156086e+00  9.06703506e+01 -1.95689166e+01]
2022-09-26 16:00:19,846 | Objective value at iteration #2 is - 36.16406233989324. Running time: 47s
2022-09-26 16:00:19,847 | gradient: [ 2.48458674e-01  1.31136113e-01  1.25860959e+01  2.30284149e+02
  7.22156086e+00  9.06703506e+01 -1.95689166e+01]
2022-09-26 16:00:33,663 | 	obj and grad eval took 13.81394150853157s.
2022-09-26 16:00:33,664 | 	Current pt: [1.30125441e+03 1.16318306e+03 2.17493164e-01 7.27383765e+00
 5.98341861e+01 4.98032326e-01 3.89395030e-01]. 	Currentobj: 1369.0626069661364. 	Currentgrad: [2.49602583e-01 1.97197344e-01 1.26604763e+01 2.31195303e+02
 1.05319378e+01 1.64498830e+02 4.84012331e+00]
2022-09-26 16:00:33,664 | Objective value at iteration #3 is - 1369.0626069661364. Running time: 61s
2022-09-26 16:00:33,664 | gradient: [2.49602583e-01 1.97197344e-01 1.26604763e+01 2.31195303e+02
 1.05319378e+01 1.64498830e+02 4.84012331e+00]
2022-09-26 16:00:47,495 | 	obj and grad eval took 13.828775586560369s.
2022-09-26 16:00:47,496 | 	Current pt: [1.29889912e+03 1.16218947e+03 2.73239161e-01 1.50467487e+00
 4.84995273e+01 4.87818316e-01 4.11980630e-01]. 	Currentobj: -79.4569762304324. 	Currentgrad: [2.46490806e-01 1.90458562e-01 1.24665613e+01 2.28729211e+02
 1.02336607e+01 1.56004592e+02 3.08269546e-01]
2022-09-26 16:00:47,497 | Objective value at iteration #4 is - -79.4569762304324. Running time: 75s
2022-09-26 16:00:47,497 | gradient: [2.46490806e-01 1.90458562e-01 1.24665613e+01 2.28729211e+02
 1.02336607e+01 1.56004592e+02 3.08269546e-01]
2022-09-26 16:01:01,484 | 	obj and grad eval took 13.984922423958778s.
2022-09-26 16:01:01,485 | 	Current pt: [1.29039868e+03 1.15530809e+03 3.14761699e-01 2.98952099e-01
 1.35144072e+01 4.47172486e-01 4.29474695e-01]. 	Currentobj: -693.1200289789134. 	Currentgrad: [ 2.43597239e-01  1.50441681e-01  1.22933637e+01  2.25750724e+02
  8.30088207e+00  1.08635903e+02 -1.15372301e+01]
2022-09-26 16:01:01,485 | Objective value at iteration #5 is - -693.1200289789134. Running time: 89s
2022-09-26 16:01:01,486 | gradient: [ 2.43597239e-01  1.50441681e-01  1.22933637e+01  2.25750724e+02
  8.30088207e+00  1.08635903e+02 -1.15372301e+01]
2022-09-26 16:01:15,296 | 	obj and grad eval took 13.807734278962016s.
2022-09-26 16:01:15,297 | 	Current pt: [1.28277826e+03 1.15019319e+03 3.32345504e-01 6.70211122e-02
 3.00520656e+00 3.14447275e-01 4.63504262e-01]. 	Currentobj: -837.9990597317203. 	Currentgrad: [ 2.42407681e-01  1.12607237e-01  1.22240720e+01  2.24362541e+02
  6.34494873e+00  6.11771972e+01 -1.16061350e+01]
2022-09-26 16:01:15,297 | Objective value at iteration #6 is - -837.9990597317203. Running time: 103s
2022-09-26 16:01:15,297 | gradient: [ 2.42407681e-01  1.12607237e-01  1.22240720e+01  2.24362541e+02
  6.34494873e+00  6.11771972e+01 -1.16061350e+01]
2022-09-26 16:01:29,514 | 	obj and grad eval took 14.213534731417894s.
2022-09-26 16:01:29,515 | 	Current pt: [1.27732289e+03 1.14704507e+03 2.59778120e-01 5.28245110e-03
 8.81719445e-01 1.78033632e-01 5.28341166e-01]. 	Currentobj: -873.0524690965783. 	Currentgrad: [ 2.41941589e-01  8.68834272e-02  1.21967042e+01  2.23883199e+02
  5.03293305e+00  2.25401882e+01 -6.75862963e+00]
2022-09-26 16:01:29,515 | Objective value at iteration #7 is - -873.0524690965783. Running time: 117s
2022-09-26 16:01:29,516 | gradient: [ 2.41941589e-01  8.68834272e-02  1.21967042e+01  2.23883199e+02
  5.03293305e+00  2.25401882e+01 -6.75862963e+00]
2022-09-26 16:01:44,116 | 	obj and grad eval took 14.597785044461489s.
2022-09-26 16:01:44,118 | 	Current pt: [1.27327266e+03 1.14498984e+03 1.08087139e-02 4.43402671e-04
 1.76220130e-01 1.33360738e-01 7.32922861e-01]. 	Currentobj: -883.1807998396733. 	Currentgrad: [ 2.41756493e-01  7.62332353e-02  1.21842347e+01  2.23955028e+02
  4.43203719e+00  8.63934356e-01 -2.98194427e+00]
2022-09-26 16:01:44,118 | Objective value at iteration #8 is - -883.1807998396733. Running time: 132s
2022-09-26 16:01:44,118 | gradient: [ 2.41756493e-01  7.62332353e-02  1.21842347e+01  2.23955028e+02
  4.43203719e+00  8.63934356e-01 -2.98194427e+00]
2022-09-26 16:01:58,547 | 	obj and grad eval took 14.425490152090788s.
2022-09-26 16:01:58,549 | 	Current pt: [1.26595354e+03 1.14152179e+03 3.35118047e-04 1.70359361e-05
 5.32984110e-03 1.00368763e-01 8.26485716e-01]. 	Currentobj: -886.1883617024379. 	Currentgrad: [ 2.41690052e-01  6.89480466e-02  1.21802767e+01  2.23977148e+02
  4.05003703e+00 -1.28138388e+01 -1.82607698e+00]
2022-09-26 16:01:58,549 | Objective value at iteration #9 is - -886.1883617024379. Running time: 146s
2022-09-26 16:01:58,549 | gradient: [ 2.41690052e-01  6.89480466e-02  1.21802767e+01  2.23977148e+02
  4.05003703e+00 -1.28138388e+01 -1.82607698e+00]
